<?xml version="1.0" encoding="UTF-8"?>
<testsuite name="AiApiControllerTest" tests="1" skipped="0" failures="0" errors="0" timestamp="2023-11-05T06:41:33" hostname="LAPTOP-PJHBJDS3" time="0.197">
  <properties/>
  <testcase name="getCompletion_ReturnsMessage_WhenMetahumanExists()" classname="AiApiControllerTest" time="0.197"/>
  <system-out><![CDATA[14:41:23.379 [Test worker] DEBUG org.springframework.test.context.BootstrapUtils - Instantiating CacheAwareContextLoaderDelegate from class [org.springframework.test.context.cache.DefaultCacheAwareContextLoaderDelegate]
14:41:23.389 [Test worker] DEBUG org.springframework.test.context.BootstrapUtils - Instantiating BootstrapContext using constructor [public org.springframework.test.context.support.DefaultBootstrapContext(java.lang.Class,org.springframework.test.context.CacheAwareContextLoaderDelegate)]
14:41:23.417 [Test worker] DEBUG org.springframework.test.context.BootstrapUtils - Instantiating TestContextBootstrapper for test class [AiApiControllerTest] from class [org.springframework.boot.test.context.SpringBootTestContextBootstrapper]
14:41:23.426 [Test worker] INFO org.springframework.boot.test.context.SpringBootTestContextBootstrapper - Neither @ContextConfiguration nor @ContextHierarchy found for test class [AiApiControllerTest], using SpringBootContextLoader
14:41:23.429 [Test worker] DEBUG org.springframework.test.context.support.AbstractContextLoader - Did not detect default resource location for test class [AiApiControllerTest]: class path resource [AiApiControllerTest-context.xml] does not exist
14:41:23.429 [Test worker] DEBUG org.springframework.test.context.support.AbstractContextLoader - Did not detect default resource location for test class [AiApiControllerTest]: class path resource [AiApiControllerTestContext.groovy] does not exist
14:41:23.429 [Test worker] INFO org.springframework.test.context.support.AbstractContextLoader - Could not detect default resource locations for test class [AiApiControllerTest]: no resource found for suffixes {-context.xml, Context.groovy}.
14:41:23.480 [Test worker] DEBUG org.springframework.test.context.support.ActiveProfilesUtils - Could not find an 'annotation declaring class' for annotation type [org.springframework.test.context.ActiveProfiles] and class [AiApiControllerTest]
14:41:23.572 [Test worker] DEBUG org.springframework.boot.test.context.SpringBootTestContextBootstrapper - @TestExecutionListeners is not present for class [AiApiControllerTest]: using defaults.
14:41:23.573 [Test worker] INFO org.springframework.boot.test.context.SpringBootTestContextBootstrapper - Loaded default TestExecutionListener class names from location [META-INF/spring.factories]: [org.springframework.boot.test.autoconfigure.restdocs.RestDocsTestExecutionListener, org.springframework.boot.test.autoconfigure.web.client.MockRestServiceServerResetTestExecutionListener, org.springframework.boot.test.autoconfigure.web.servlet.MockMvcPrintOnlyOnFailureTestExecutionListener, org.springframework.boot.test.autoconfigure.web.servlet.WebDriverTestExecutionListener, org.springframework.boot.test.autoconfigure.webservices.client.MockWebServiceServerTestExecutionListener, org.springframework.boot.test.mock.mockito.MockitoTestExecutionListener, org.springframework.boot.test.mock.mockito.ResetMocksTestExecutionListener, org.springframework.test.context.web.ServletTestExecutionListener, org.springframework.test.context.support.DirtiesContextBeforeModesTestExecutionListener, org.springframework.test.context.event.ApplicationEventsTestExecutionListener, org.springframework.test.context.support.DependencyInjectionTestExecutionListener, org.springframework.test.context.support.DirtiesContextTestExecutionListener, org.springframework.test.context.transaction.TransactionalTestExecutionListener, org.springframework.test.context.jdbc.SqlScriptsTestExecutionListener, org.springframework.test.context.event.EventPublishingTestExecutionListener]
14:41:23.585 [Test worker] INFO org.springframework.boot.test.context.SpringBootTestContextBootstrapper - Using TestExecutionListeners: [org.springframework.test.context.web.ServletTestExecutionListener@51df223b, org.springframework.test.context.support.DirtiesContextBeforeModesTestExecutionListener@fd46303, org.springframework.test.context.event.ApplicationEventsTestExecutionListener@60d8c0dc, org.springframework.boot.test.mock.mockito.MockitoTestExecutionListener@4204541c, org.springframework.boot.test.autoconfigure.SpringBootDependencyInjectionTestExecutionListener@6a62689d, org.springframework.test.context.support.DirtiesContextTestExecutionListener@4602c2a9, org.springframework.test.context.transaction.TransactionalTestExecutionListener@60fa3495, org.springframework.test.context.jdbc.SqlScriptsTestExecutionListener@3e2822, org.springframework.test.context.event.EventPublishingTestExecutionListener@79e18e38, org.springframework.boot.test.autoconfigure.restdocs.RestDocsTestExecutionListener@29a60c27, org.springframework.boot.test.autoconfigure.web.client.MockRestServiceServerResetTestExecutionListener@1849db1a, org.springframework.boot.test.autoconfigure.web.servlet.MockMvcPrintOnlyOnFailureTestExecutionListener@69c79f09, org.springframework.boot.test.autoconfigure.web.servlet.WebDriverTestExecutionListener@1ca25c47, org.springframework.boot.test.autoconfigure.webservices.client.MockWebServiceServerTestExecutionListener@5fcacc0, org.springframework.boot.test.mock.mockito.ResetMocksTestExecutionListener@533b266e]
14:41:23.588 [Test worker] DEBUG org.springframework.test.context.support.AbstractDirtiesContextTestExecutionListener - Before test class: context [DefaultTestContext@60bdf15d testClass = AiApiControllerTest, testInstance = [null], testMethod = [null], testException = [null], mergedContextConfiguration = [WebMergedContextConfiguration@47da3952 testClass = AiApiControllerTest, locations = '{}', classes = '{class com.Application}', contextInitializerClasses = '[]', activeProfiles = '{}', propertySourceLocations = '{}', propertySourceProperties = '{spring.config.location=classpath:application.yml, org.springframework.boot.test.context.SpringBootTestContextBootstrapper=true}', contextCustomizers = set[org.springframework.boot.test.autoconfigure.actuate.metrics.MetricsExportContextCustomizerFactory$DisableMetricExportContextCustomizer@35f26e72, org.springframework.boot.test.autoconfigure.properties.PropertyMappingContextCustomizer@4b3fa0b3, org.springframework.boot.test.autoconfigure.web.servlet.WebDriverContextCustomizerFactory$Customizer@758705fa, [ImportsContextCustomizer@51e4ccb3 key = [org.springframework.boot.test.autoconfigure.web.servlet.MockMvcAutoConfiguration, org.springframework.boot.test.autoconfigure.web.servlet.MockMvcWebClientAutoConfiguration, org.springframework.boot.test.autoconfigure.web.servlet.MockMvcWebDriverAutoConfiguration, org.springframework.boot.autoconfigure.security.oauth2.client.servlet.OAuth2ClientAutoConfiguration, org.springframework.boot.autoconfigure.security.oauth2.resource.servlet.OAuth2ResourceServerAutoConfiguration, org.springframework.boot.autoconfigure.security.servlet.SecurityAutoConfiguration, org.springframework.boot.autoconfigure.security.servlet.SecurityFilterAutoConfiguration, org.springframework.boot.autoconfigure.security.servlet.UserDetailsServiceAutoConfiguration, org.springframework.boot.test.autoconfigure.web.servlet.MockMvcSecurityConfiguration, org.springframework.boot.test.autoconfigure.web.reactive.WebTestClientAutoConfiguration]], org.springframework.boot.test.context.filter.ExcludeFilterContextCustomizer@59252cb6, org.springframework.boot.test.json.DuplicateJsonObjectContextCustomizerFactory$DuplicateJsonObjectContextCustomizer@241e8ea6, org.springframework.boot.test.mock.mockito.MockitoContextCustomizer@103bbf88, org.springframework.boot.test.web.client.TestRestTemplateContextCustomizer@4b45dcb8, org.springframework.boot.test.context.SpringBootTestArgs@1, org.springframework.boot.test.context.SpringBootTestWebEnvironment@48f278eb], resourceBasePath = 'src/main/webapp', contextLoader = 'org.springframework.boot.test.context.SpringBootContextLoader', parent = [null]], attributes = map['org.springframework.test.context.web.ServletTestExecutionListener.activateListener' -> true]], class annotated with @DirtiesContext [false] with mode [null].
14:41:23.721 [Test worker] DEBUG org.springframework.boot.ApplicationServletEnvironment - Activating profiles []
14:41:23.724 [Test worker] DEBUG org.springframework.test.context.support.TestPropertySourceUtils - Adding inlined properties to environment: {spring.jmx.enabled=false, spring.config.location=classpath:application.yml, org.springframework.boot.test.context.SpringBootTestContextBootstrapper=true}

  .   ____          _            __ _ _
 /\\ / ___'_ __ _ _(_)_ __  __ _ \ \ \ \
( ( )\___ | '_ | '_| | '_ \/ _` | \ \ \ \
 \\/  ___)| |_)| | | | | || (_| |  ) ) ) )
  '  |____| .__|_| |_|_| |_\__, | / / / /
 =========|_|==============|___/=/_/_/_/
 :: Spring Boot ::                (v2.6.0)

2023-11-05 14:41:24.078  WARN 23888 --- [    Test worker] ory$DuplicateJsonObjectContextCustomizer : 

Found multiple occurrences of org.json.JSONObject on the class path:

	jar:file:/C:/Users/Pang%20Bo/.gradle/caches/modules-2/files-2.1/org.json/json/20230227/7a0d4aca76513d8ce81f9b044ce8126b84809ad8/json-20230227.jar!/org/json/JSONObject.class
	jar:file:/C:/Users/Pang%20Bo/.gradle/caches/modules-2/files-2.1/com.vaadin.external.google/android-json/0.0.20131108.vaadin1/fa26d351fe62a6a17f5cda1287c1c6110dec413f/android-json-0.0.20131108.vaadin1.jar!/org/json/JSONObject.class

You may wish to exclude one of them to ensure predictable runtime behavior

2023-11-05 14:41:24.093  INFO 23888 --- [    Test worker] AiApiControllerTest                      : Starting AiApiControllerTest using Java 17.0.2 on LAPTOP-PJHBJDS3 with PID 23888 (started by Pang Bo in D:\Projects\IJ_Project\NUS\nus_oasis\practice2-microservice\service\NUS_DMSS_PracticeModule_Team3)
2023-11-05 14:41:24.093  INFO 23888 --- [    Test worker] AiApiControllerTest                      : No active profile set, falling back to default profiles: default
2023-11-05 14:41:26.418  INFO 23888 --- [    Test worker] .s.d.r.c.RepositoryConfigurationDelegate : Bootstrapping Spring Data JPA repositories in DEFAULT mode.
2023-11-05 14:41:26.661  INFO 23888 --- [    Test worker] .s.d.r.c.RepositoryConfigurationDelegate : Finished Spring Data repository scanning in 233 ms. Found 0 JPA repository interfaces.
2023-11-05 14:41:26.914  INFO 23888 --- [    Test worker] o.s.cloud.context.scope.GenericScope     : BeanFactory id=e4718fc9-cce1-3bd8-83f7-b2e87915fa88
2023-11-05 14:41:27.835  WARN 23888 --- [    Test worker] com.zaxxer.hikari.HikariConfig           : DateHikariCP - idleTimeout is close to or more than maxLifetime, disabling it.
2023-11-05 14:41:27.838  INFO 23888 --- [    Test worker] com.zaxxer.hikari.HikariDataSource       : DateHikariCP - Starting...
2023-11-05 14:41:31.229  INFO 23888 --- [    Test worker] com.zaxxer.hikari.HikariDataSource       : DateHikariCP - Start completed.
2023-11-05 14:41:31.320  INFO 23888 --- [    Test worker] o.hibernate.jpa.internal.util.LogHelper  : HHH000204: Processing PersistenceUnitInfo [name: default]
2023-11-05 14:41:31.394  INFO 23888 --- [    Test worker] org.hibernate.Version                    : HHH000412: Hibernate ORM core version 5.6.1.Final
2023-11-05 14:41:31.427  INFO 23888 --- [    Test worker] o.hibernate.annotations.common.Version   : HCANN000001: Hibernate Commons Annotations {5.1.2.Final}
2023-11-05 14:41:31.531  INFO 23888 --- [    Test worker] org.hibernate.dialect.Dialect            : HHH000400: Using dialect: org.hibernate.dialect.MySQL8Dialect
2023-11-05 14:41:31.671  INFO 23888 --- [    Test worker] o.h.e.t.j.p.i.JtaPlatformInitiator       : HHH000490: Using JtaPlatform implementation: [org.hibernate.engine.transaction.jta.platform.internal.NoJtaPlatform]
2023-11-05 14:41:31.678  INFO 23888 --- [    Test worker] j.LocalContainerEntityManagerFactoryBean : Initialized JPA EntityManagerFactory for persistence unit 'default'
 _ _   |_  _ _|_. ___ _ |    _ 
| | |\/|_)(_| | |_\  |_)||_|_\ 
     /               |         
                        3.5.3.2 
2023-11-05 14:41:32.410  WARN 23888 --- [    Test worker] JpaBaseConfiguration$JpaWebConfiguration : spring.jpa.open-in-view is enabled by default. Therefore, database queries may be performed during view rendering. Explicitly configure spring.jpa.open-in-view to disable this warning
2023-11-05 14:41:33.580  INFO 23888 --- [    Test worker] o.s.b.t.m.w.SpringBootMockServletContext : Initializing Spring TestDispatcherServlet ''
2023-11-05 14:41:33.581  INFO 23888 --- [    Test worker] o.s.t.web.servlet.TestDispatcherServlet  : Initializing Servlet ''
2023-11-05 14:41:33.595  INFO 23888 --- [    Test worker] o.s.b.a.e.web.EndpointLinksResolver      : Exposing 1 endpoint(s) beneath base path '/actuator'
2023-11-05 14:41:33.626  INFO 23888 --- [    Test worker] o.s.t.web.servlet.TestDispatcherServlet  : Completed initialization in 45 ms
2023-11-05 14:41:33.847  INFO 23888 --- [    Test worker] AiApiControllerTest                      : Started AiApiControllerTest in 10.122 seconds (JVM running for 11.229)
]]></system-out>
  <system-err><![CDATA[]]></system-err>
</testsuite>
